C:\USERS\NELLY\DESKTOP\UNIVERCITY\FOUR\SEVEN\Изкуствен интелект\Проект\FACEDETECTION\FACEDETECTION\DEBUG\FACEDETECTION.PCH
C:\USERS\NELLY\DESKTOP\UNIVERCITY\FOUR\SEVEN\Изкуствен интелект\Проект\FACEDETECTION\FACEDETECTION\DEBUG\STDAFX.OBJ
C:\USERS\NELLY\DESKTOP\UNIVERCITY\FOUR\SEVEN\ИЗКУСТВЕН ИНТЕЛЕКТ\ПРОЕКТ\FACEDETECTION\FACEDETECTION\DEBUG\VC110.PDB
C:\USERS\NELLY\DESKTOP\UNIVERCITY\FOUR\SEVEN\Изкуствен интелект\Проект\FACEDETECTION\FACEDETECTION\DEBUG\RETCOORD.OBJ
C:\USERS\NELLY\DESKTOP\UNIVERCITY\FOUR\SEVEN\Изкуствен интелект\Проект\FACEDETECTION\FACEDETECTION\DEBUG\PIXEL.OBJ
C:\USERS\NELLY\DESKTOP\UNIVERCITY\FOUR\SEVEN\Изкуствен интелект\Проект\FACEDETECTION\FACEDETECTION\DEBUG\PERCENTAGEWHITE.OBJ
C:\USERS\NELLY\DESKTOP\UNIVERCITY\FOUR\SEVEN\Изкуствен интелект\Проект\FACEDETECTION\FACEDETECTION\DEBUG\FACEDETECTOR.OBJ
C:\USERS\NELLY\DESKTOP\UNIVERCITY\FOUR\SEVEN\Изкуствен интелект\Проект\FACEDETECTION\FACEDETECTION\DEBUG\FACEDETECTION.OBJ
C:\USERS\NELLY\DESKTOP\UNIVERCITY\FOUR\SEVEN\Изкуствен интелект\Проект\FACEDETECTION\FACEDETECTION\DEBUG\ASSEMBLYINFO.OBJ
C:\USERS\NELLY\DESKTOP\UNIVERCITY\FOUR\SEVEN\Изкуствен интелект\Проект\FACEDETECTION\FACEDETECTION\DEBUG\.NETFRAMEWORK,VERSION=V4.5.ASSEMBLYATTRIBUTES.OBJ
C:\Users\Nelly\Desktop\Univercity\four\seven\Изкуствен интелект\Проект\FaceDetection\FaceDetection\Debug\FaceDetection.Form1.resources
C:\USERS\NELLY\DESKTOP\UNIVERCITY\FOUR\SEVEN\Изкуствен интелект\Проект\FACEDETECTION\FACEDETECTION\DEBUG\APP.RES
C:\Users\Nelly\Desktop\Univercity\four\seven\Изкуствен интелект\Проект\FaceDetection\FaceDetection\Debug\FaceDetection.vcxproj.GenerateResource.Cache
C:\Users\Nelly\Desktop\Univercity\four\seven\Изкуствен интелект\Проект\FaceDetection\FaceDetection\Debug\.NETFramework,Version=v4.5.AssemblyAttributes.obj
C:\Users\Nelly\Desktop\Univercity\four\seven\Изкуствен интелект\Проект\FaceDetection\FaceDetection\Debug\AssemblyInfo.obj
C:\Users\Nelly\Desktop\Univercity\four\seven\Изкуствен интелект\Проект\FaceDetection\FaceDetection\Debug\FaceDetection.obj
C:\Users\Nelly\Desktop\Univercity\four\seven\Изкуствен интелект\Проект\FaceDetection\FaceDetection\Debug\FaceDetector.obj
C:\Users\Nelly\Desktop\Univercity\four\seven\Изкуствен интелект\Проект\FaceDetection\FaceDetection\Debug\PercentageWhite.obj
C:\Users\Nelly\Desktop\Univercity\four\seven\Изкуствен интелект\Проект\FaceDetection\FaceDetection\Debug\Pixel.obj
C:\Users\Nelly\Desktop\Univercity\four\seven\Изкуствен интелект\Проект\FaceDetection\FaceDetection\Debug\RetCoord.obj
C:\Users\Nelly\Desktop\Univercity\four\seven\Изкуствен интелект\Проект\FaceDetection\FaceDetection\Debug\stdafx.obj
C:\Users\Nelly\Desktop\Univercity\four\seven\Изкуствен интелект\Проект\FaceDetection\FaceDetection\Debug\cl.command.1.tlog
C:\Users\Nelly\Desktop\Univercity\four\seven\Изкуствен интелект\Проект\FaceDetection\FaceDetection\Debug\CL.read.1.tlog
C:\Users\Nelly\Desktop\Univercity\four\seven\Изкуствен интелект\Проект\FaceDetection\FaceDetection\Debug\CL.write.1.tlog
C:\Users\Nelly\Desktop\Univercity\four\seven\Изкуствен интелект\Проект\FaceDetection\FaceDetection\Debug\FaceDetection.write.1.tlog
C:\Users\Nelly\Desktop\Univercity\four\seven\Изкуствен интелект\Проект\FaceDetection\FaceDetection\Debug\link.command.1.tlog
C:\Users\Nelly\Desktop\Univercity\four\seven\Изкуствен интелект\Проект\FaceDetection\FaceDetection\Debug\link.read.1.tlog
C:\Users\Nelly\Desktop\Univercity\four\seven\Изкуствен интелект\Проект\FaceDetection\FaceDetection\Debug\link.write.1.tlog
C:\Users\Nelly\Desktop\Univercity\four\seven\Изкуствен интелект\Проект\FaceDetection\FaceDetection\Debug\metagen.read.1.tlog
C:\Users\Nelly\Desktop\Univercity\four\seven\Изкуствен интелект\Проект\FaceDetection\FaceDetection\Debug\metagen.write.1.tlog
C:\Users\Nelly\Desktop\Univercity\four\seven\Изкуствен интелект\Проект\FaceDetection\FaceDetection\Debug\rc.command.1.tlog
C:\Users\Nelly\Desktop\Univercity\four\seven\Изкуствен интелект\Проект\FaceDetection\FaceDetection\Debug\rc.read.1.tlog
C:\Users\Nelly\Desktop\Univercity\four\seven\Изкуствен интелект\Проект\FaceDetection\FaceDetection\Debug\rc.write.1.tlog
C:\Users\Nelly\Desktop\Univercity\four\seven\Изкуствен интелект\Проект\FaceDetection\FaceDetection\Debug\app.res
C:\Users\Nelly\Desktop\Univercity\four\seven\Изкуствен интелект\Проект\FaceDetection\FaceDetection\Debug\FaceDetection.pch
C:\Users\Nelly\Desktop\Univercity\four\seven\Изкуствен интелект\Проект\FaceDetection\FaceDetection\Debug\vc110.pdb
C:\Users\Nelly\Desktop\Univercity\four\seven\Изкуствен интелект\Проект\FaceDetection\FaceDetection\Debug\RSAENH.DLL.bi
C:\Users\Nelly\Desktop\Univercity\four\seven\Изкуствен интелект\Проект\FaceDetection\FaceDetection\Debug\TZRES.DLL.bi
C:\Users\Nelly\Desktop\Univercity\four\seven\Изкуствен интелект\Проект\FaceDetection\Debug\FaceDetection.pdb
C:\Users\Nelly\Desktop\Univercity\four\seven\Изкуствен интелект\Проект\FaceDetection\Debug\FaceDetection.exe
