Build started 3/6/2013 3:44:57 PM.
     1>Project "C:\Users\Nelly\Desktop\Univercity\four\seven\Изкуствен интелект\Проект\FaceDetection\FaceDetection\FaceDetection.vcxproj" on node 2 (Rebuild target(s)).
     1>ClCompile:
         C:\Program Files (x86)\Microsoft Visual Studio 11.0\VC\bin\CL.exe /c /AI"C:\Program Files (x86)\Reference Assemblies\Microsoft\Framework\.NETFramework\v4.5\\" /AI"C:\Program Files (x86)\Windows Kits\8.0\References\CommonConfiguration\Neutral" /AI"C:\Program Files (x86)\Reference Assemblies\Microsoft\Framework\.NETFramework\v4.5\Facades\\" /Zi /clr:pure /nologo /W3 /WX- /Od /Oy- /D WIN32 /D _DEBUG /D _UNICODE /D UNICODE /EHa /MDd /GS /fp:precise /Zc:wchar_t /Zc:forScope /Yc"stdafx.h" /Fp"Debug\FaceDetection.pch" /Fo"Debug\\" /Fd"Debug\vc110.pdb" /TP /FU"C:\Program Files (x86)\Reference Assemblies\Microsoft\Framework\.NETFramework\v4.5\mscorlib.dll" /FU"C:\Program Files (x86)\Reference Assemblies\Microsoft\Framework\.NETFramework\v4.5\System.Data.dll" /FU"C:\Program Files (x86)\Reference Assemblies\Microsoft\Framework\.NETFramework\v4.5\System.dll" /FU"C:\Program Files (x86)\Reference Assemblies\Microsoft\Framework\.NETFramework\v4.5\System.Drawing.dll" /FU"C:\Program Files (x86)\Reference Assemblies\Microsoft\Framework\.NETFramework\v4.5\System.Windows.Forms.dll" /FU"C:\Program Files (x86)\Reference Assemblies\Microsoft\Framework\.NETFramework\v4.5\System.Xml.dll" /analyze- /errorReport:prompt /clr:nostdlib stdafx.cpp
         stdafx.cpp
         C:\Program Files (x86)\Microsoft Visual Studio 11.0\VC\bin\CL.exe /c /AI"C:\Program Files (x86)\Reference Assemblies\Microsoft\Framework\.NETFramework\v4.5\\" /AI"C:\Program Files (x86)\Windows Kits\8.0\References\CommonConfiguration\Neutral" /AI"C:\Program Files (x86)\Reference Assemblies\Microsoft\Framework\.NETFramework\v4.5\Facades\\" /Zi /clr:pure /nologo /W3 /WX- /Od /Oy- /D WIN32 /D _DEBUG /D _UNICODE /D UNICODE /EHa /MDd /GS /fp:precise /Zc:wchar_t /Zc:forScope /Yu"stdafx.h" /Fp"Debug\FaceDetection.pch" /Fo"Debug\\" /Fd"Debug\vc110.pdb" /TP /FU"C:\Program Files (x86)\Reference Assemblies\Microsoft\Framework\.NETFramework\v4.5\mscorlib.dll" /FU"C:\Program Files (x86)\Reference Assemblies\Microsoft\Framework\.NETFramework\v4.5\System.Data.dll" /FU"C:\Program Files (x86)\Reference Assemblies\Microsoft\Framework\.NETFramework\v4.5\System.dll" /FU"C:\Program Files (x86)\Reference Assemblies\Microsoft\Framework\.NETFramework\v4.5\System.Drawing.dll" /FU"C:\Program Files (x86)\Reference Assemblies\Microsoft\Framework\.NETFramework\v4.5\System.Windows.Forms.dll" /FU"C:\Program Files (x86)\Reference Assemblies\Microsoft\Framework\.NETFramework\v4.5\System.Xml.dll" /analyze- /errorReport:prompt /clr:nostdlib AssemblyInfo.cpp FaceDetection.cpp FaceDetector.cpp PercentageWhite.cpp Pixel.cpp RetCoord.cpp
         AssemblyInfo.cpp
         FaceDetection.cpp
     1>c:\users\nelly\desktop\univercity\four\seven\изкуствен интелект\проект\facedetection\facedetection\FaceDetector.h(20): warning C4677: 'CountComponent': signature of non-private member contains assembly private type 'RetCoord'
                 c:\users\nelly\desktop\univercity\four\seven\изкуствен интелект\проект\facedetection\facedetection\RetCoord.h(3) : see declaration of 'RetCoord'
         FaceDetector.cpp
     1>c:\users\nelly\desktop\univercity\four\seven\изкуствен интелект\проект\facedetection\facedetection\FaceDetector.h(20): warning C4677: 'CountComponent': signature of non-private member contains assembly private type 'RetCoord'
                 c:\users\nelly\desktop\univercity\four\seven\изкуствен интелект\проект\facedetection\facedetection\RetCoord.h(3) : see declaration of 'RetCoord'
     1>FaceDetector.cpp(92): warning C4018: '<' : signed/unsigned mismatch
     1>FaceDetector.cpp(94): warning C4018: '<' : signed/unsigned mismatch
     1>FaceDetector.cpp(127): warning C4018: '<' : signed/unsigned mismatch
     1>FaceDetector.cpp(137): warning C4018: '<' : signed/unsigned mismatch
     1>FaceDetector.cpp(158): warning C4018: '<' : signed/unsigned mismatch
     1>FaceDetector.cpp(161): warning C4018: '<' : signed/unsigned mismatch
     1>FaceDetector.cpp(167): warning C4018: '<' : signed/unsigned mismatch
     1>FaceDetector.cpp(170): warning C4018: '<' : signed/unsigned mismatch
     1>FaceDetector.cpp(197): warning C4018: '<' : signed/unsigned mismatch
     1>FaceDetector.cpp(198): warning C4018: '<' : signed/unsigned mismatch
     1>FaceDetector.cpp(226): warning C4018: '<' : signed/unsigned mismatch
     1>FaceDetector.cpp(227): warning C4018: '<' : signed/unsigned mismatch
     1>FaceDetector.cpp(243): warning C4018: '<' : signed/unsigned mismatch
     1>FaceDetector.cpp(246): warning C4018: '<' : signed/unsigned mismatch
     1>FaceDetector.cpp(252): warning C4018: '<' : signed/unsigned mismatch
     1>FaceDetector.cpp(255): warning C4018: '<' : signed/unsigned mismatch
         PercentageWhite.cpp
         Pixel.cpp
         RetCoord.cpp
         Generating Code...
         C:\Program Files (x86)\Microsoft Visual Studio 11.0\VC\bin\CL.exe /c /Zi /clr:pure /nologo /W3 /WX- /Od /Oy- /D WIN32 /D _DEBUG /D _UNICODE /D UNICODE /EHa /MDd /GS /fp:precise /Zc:wchar_t /Zc:forScope /Fo"Debug\\" /Fd"Debug\vc110.pdb" /TP /analyze- /errorReport:prompt "C:\Users\Nelly\AppData\Local\Temp\.NETFramework,Version=v4.5.AssemblyAttributes.cpp"
         .NETFramework,Version=v4.5.AssemblyAttributes.cpp
       ResourceCompile:
         C:\Program Files (x86)\Windows Kits\8.0\bin\x86\rc.exe /D _UNICODE /D UNICODE /l"0x0409" /nologo /fo"Debug\app.res" app.rc 
       Link:
         C:\Program Files (x86)\Microsoft Visual Studio 11.0\VC\bin\link.exe /ERRORREPORT:PROMPT /OUT:"C:\Users\Nelly\Desktop\Univercity\four\seven\Изкуствен интелект\Проект\FaceDetection\Debug\FaceDetection.exe" /INCREMENTAL /NOLOGO /ASSEMBLYRESOURCE:Debug\FaceDetection.Form1.resources /MANIFEST /MANIFESTUAC:"level='asInvoker' uiAccess='false'" /manifest:embed /DEBUG /PDB:"C:\Users\Nelly\Desktop\Univercity\four\seven\Изкуствен интелект\Проект\FaceDetection\Debug\FaceDetection.pdb" /ASSEMBLYDEBUG /SUBSYSTEM:WINDOWS /TLBID:1 /ENTRY:"main" /DYNAMICBASE /FIXED:NO /NXCOMPAT /MACHINE:X86 Debug\app.res
         Debug\AssemblyInfo.obj
         Debug\FaceDetection.obj
         Debug\FaceDetector.obj
         Debug\PercentageWhite.obj
         Debug\Pixel.obj
         Debug\RetCoord.obj
         Debug\stdafx.obj
         "Debug\.NETFramework,Version=v4.5.AssemblyAttributes.obj"
         FaceDetection.vcxproj -> C:\Users\Nelly\Desktop\Univercity\four\seven\Изкуствен интелект\Проект\FaceDetection\Debug\FaceDetection.exe
     1>Done Building Project "C:\Users\Nelly\Desktop\Univercity\four\seven\Изкуствен интелект\Проект\FaceDetection\FaceDetection\FaceDetection.vcxproj" (Rebuild target(s)).

Build succeeded.

Time Elapsed 00:00:12.01
